0 info it worked if it ends with ok
1 verbose cli [ 'C:\\Program Files\\nodejs\\node.exe',
1 verbose cli   'C:\\Program Files\\nodejs\\node_modules\\npm\\bin\\npm-cli.js',
1 verbose cli   'publish' ]
2 info using npm@4.1.2
3 info using node@v7.7.4
4 verbose publish [ '.' ]
5 silly cache add args [ '.', null ]
6 verbose cache add spec .
7 silly cache add parsed spec Result {
7 silly cache add   raw: '.',
7 silly cache add   scope: null,
7 silly cache add   escapedName: null,
7 silly cache add   name: null,
7 silly cache add   rawSpec: '.',
7 silly cache add   spec: 'C:\\Users\\jrussell\\Projects\\generator-react-component',
7 silly cache add   type: 'directory' }
8 verbose addLocalDirectory C:\Users\jrussell\AppData\Roaming\npm-cache\@jtrussell\generator-react-component\0.7.5\package.tgz not in flight; packing
9 verbose correctMkdir C:\Users\jrussell\AppData\Roaming\npm-cache correctMkdir not in flight; initializing
10 warn prepublish-on-install As of npm@5, `prepublish` scripts will run only for `npm publish`.
11 warn prepublish-on-install (In npm@4 and previous versions, it also runs for `npm install`.)
12 warn prepublish-on-install See the deprecation note in `npm help scripts` for more information.
13 info lifecycle @jtrussell/generator-react-component@0.7.5~prepublish: @jtrussell/generator-react-component@0.7.5
14 verbose lifecycle @jtrussell/generator-react-component@0.7.5~prepublish: unsafe-perm in lifecycle true
15 verbose lifecycle @jtrussell/generator-react-component@0.7.5~prepublish: PATH: C:\Users\jrussell\AppData\Roaming\nvm\v7.7.4\node_modules\npm\bin\node-gyp-bin;C:\Users\jrussell\Projects\generator-react-component\node_modules\.bin;C:\tools\cmder\bin;C:\tools\cmder\vendor\conemu-maximus5\ConEmu\Scripts;C:\tools\cmder\vendor\conemu-maximus5;C:\tools\cmder\vendor\conemu-maximus5\ConEmu;C:\Python36\Scripts\;C:\Python36\;C:\Program Files\OpenSSH-Win64;C:\Program Files (x86)\Gow\bin;C:\tools\ruby23\bin;C:\Program Files (x86)\Intel\iCLS Client\;C:\Program Files\Intel\iCLS Client\;C:\Windows\system32;C:\Windows;C:\Windows\System32\Wbem;C:\Windows\System32\WindowsPowerShell\v1.0\;C:\Program Files\Intel\WiFi\bin\;C:\Program Files\Common Files\Intel\WirelessCommon\;C:\Program Files (x86)\Intel\Intel(R) Management Engine Components\DAL;C:\Program Files\Intel\Intel(R) Management Engine Components\DAL;C:\Program Files (x86)\Intel\Intel(R) Management Engine Components\IPT;C:\Program Files\Intel\Intel(R) Management Engine Components\IPT;C:\Program Files (x86)\NVIDIA Corporation\PhysX\Common;C:\ProgramData\chocolatey\bin;C:\Program Files (x86)\vim\vim80;C:\Program Files\Git\cmd;C:\Program Files (x86)\Subversion\bin;C:\bin;C:\ProgramData\ComposerSetup\bin;C:\Users\jrussell\AppData\Roaming\nvm;C:\Program Files\nodejs;C:\Users\jrussell\.dnx\bin;C:\Program Files\Microsoft DNX\Dnvm\;C:\Program Files\Microsoft SQL Server\130\Tools\Binn\;C:\Program Files\Puppet Labs\Puppet\bin;C:\Program Files (x86)\Microsoft SQL Server\Client SDK\ODBC\130\Tools\Binn\;C:\Program Files (x86)\Microsoft SQL Server\130\Tools\Binn\;C:\Program Files (x86)\Microsoft SQL Server\130\DTS\Binn\;C:\Program Files (x86)\Microsoft SQL Server\130\Tools\Binn\ManagementStudio\;C:\HashiCorp\Vagrant\bin;C:\Program Files\Java\jdk1.8.0_112\bin;C:\Program Files\nodejs\;C:\Program Files (x86)\Yarn\bin;C:\Program Files\Amazon\AWSCLI\;C:\Users\jrussell\AppData\Local\Microsoft\WindowsApps;C:\tools\cmder;C:\Program Files\Oracle\VirtualBox;C:\tools\php;C:\Users\jrussell\AppData\Roaming\Composer\vendor\bin;C:\Users\jrussell\AppData\Roaming\nvm;C:\Program Files\nodejs;C:\Program Files (x86)\Sophos\Sophos SSL VPN Client\bin;C:\tools\mysql\current\bin;C:\PROGRA~2\Oracle\VirtualBox;C:\Users\jrussell\AppData\Roaming\npm;C:\Users\jrussell\AppData\Local\Yarn\.bin;C:\Users\jrussell\AppData\Local\Yarn\.bin ;C:\Program Files\Microsoft SQL Server\Client SDK\ODBC\130\Tools\Binn\;C:\Program Files\Microsoft SQL Server\130\DTS\Binn\;C:\Program Files\Calibre2\;;C:\Program Files\Git\usr\bin;C:\Program Files\Git\usr\share\vim\vim74;C:\tools\cmder\
16 verbose lifecycle @jtrussell/generator-react-component@0.7.5~prepublish: CWD: C:\Users\jrussell\Projects\generator-react-component
17 silly lifecycle @jtrussell/generator-react-component@0.7.5~prepublish: Args: [ '/d /s /c', 'gulp prepublish' ]
18 silly lifecycle @jtrussell/generator-react-component@0.7.5~prepublish: Returned: code: 0  signal: null
19 info lifecycle @jtrussell/generator-react-component@0.7.5~prepare: @jtrussell/generator-react-component@0.7.5
20 silly lifecycle @jtrussell/generator-react-component@0.7.5~prepare: no script for prepare, continuing
21 verbose tar pack [ 'C:\\Users\\jrussell\\AppData\\Roaming\\npm-cache\\@jtrussell\\generator-react-component\\0.7.5\\package.tgz',
21 verbose tar pack   'C:\\Users\\jrussell\\Projects\\generator-react-component' ]
22 verbose tarball C:\Users\jrussell\AppData\Roaming\npm-cache\@jtrussell\generator-react-component\0.7.5\package.tgz
23 verbose folder C:\Users\jrussell\Projects\generator-react-component
24 verbose addLocalTarball adding from inside cache C:\Users\jrussell\AppData\Roaming\npm-cache\@jtrussell\generator-react-component\0.7.5\package.tgz
25 verbose correctMkdir C:\Users\jrussell\AppData\Roaming\npm-cache correctMkdir not in flight; initializing
26 silly cache afterAdd @jtrussell/generator-react-component@0.7.5
27 verbose afterAdd C:\Users\jrussell\AppData\Roaming\npm-cache\@jtrussell\generator-react-component\0.7.5\package\package.json not in flight; writing
28 verbose correctMkdir C:\Users\jrussell\AppData\Roaming\npm-cache correctMkdir not in flight; initializing
29 verbose afterAdd C:\Users\jrussell\AppData\Roaming\npm-cache\@jtrussell\generator-react-component\0.7.5\package\package.json written
30 silly publish { name: '@jtrussell/generator-react-component',
30 silly publish   version: '0.7.5',
30 silly publish   description: 'A component generator for React',
30 silly publish   homepage: 'https://github.com/jtrussell/generator-react-component',
30 silly publish   author: { name: 'jtrussell', email: 'jus.russell@gmail.com' },
30 silly publish   files: [ 'generators', 'templates' ],
30 silly publish   main: 'generators/index.js',
30 silly publish   keywords: [ 'react', 'component', 'yeoman-generator' ],
30 silly publish   dependencies:
30 silly publish    { chalk: '^1.1.3',
30 silly publish      lodash: '^4.17.4',
30 silly publish      shelljs: '^0.7.7',
30 silly publish      'yeoman-generator': '^1.0.0' },
30 silly publish   devDependencies:
30 silly publish    { gulp: '^3.9.0',
30 silly publish      'gulp-exclude-gitignore': '^1.0.0',
30 silly publish      'gulp-istanbul': '^1.0.0',
30 silly publish      'gulp-line-ending-corrector': '^1.0.1',
30 silly publish      'gulp-mocha': '^3.0.1',
30 silly publish      'gulp-nsp': '^2.1.0',
30 silly publish      'gulp-plumber': '^1.0.0',
30 silly publish      'gulp-standard': '^10.0.0',
30 silly publish      'yeoman-assert': '^2.2.1',
30 silly publish      'yeoman-test': '^1.6.0' },
30 silly publish   repository:
30 silly publish    { type: 'git',
30 silly publish      url: 'git+https://github.com/jtrussell/generator-react-component.git' },
30 silly publish   scripts: { prepublish: 'gulp prepublish', test: 'gulp' },
30 silly publish   license: 'MIT',
30 silly publish   readme: '# generator-react-component [![NPM version][npm-image]][npm-url] [![Dependency Status][daviddm-image]][daviddm-url]\r\n\r\n> A component generator for React.\r\n\r\nNote, this generator is for scaffolding standalone (i.e. library) components.\r\n\r\n## Installation\r\n\r\nFirst, install [Yeoman](http://yeoman.io) and generator-react-component using\r\n[npm](https://www.npmjs.com/) (we assume you have pre-installed\r\n[node.js](https://nodejs.org/)).\r\n\r\n```bash\r\nnpm install -g yo\r\nnpm install -g @jtrussell/generator-react-component\r\n```\r\n\r\nThen generate your new project:\r\n\r\n```bash\r\nyo @jtrussell/react-component\r\n```\r\n\r\nLater, you can update your component to take advantage of changes made to this\r\ngenerator:\r\n\r\n```bash\r\nyo @jtrussell/react-component:update\r\n```\r\n\r\nNote that this will try to \r\n\r\nNow go forth and build components.\r\n\r\n\r\n## What\'s in the Box\r\n\r\nA minimal yet featureful boilerplate for building React components.\r\n\r\n- Bundling with rollup\r\n- Testing with Jest and Enzyme\r\n- Test coverage a la Jest\r\n- ES6 transpilation with stable presets\r\n\r\n\r\n## Packages Explained\r\n\r\n@todo\r\n\r\n\r\n## License\r\n\r\nMIT\r\n\r\n\r\n[npm-image]: https://badge.fury.io/js/@jtrussell/generator-react-component.svg\r\n[npm-url]: https://npmjs.org/package/@jtrussell/generator-react-component\r\n[daviddm-image]: https://david-dm.org/jtrussell/generator-react-component.svg?theme=shields.io\r\n[daviddm-url]: https://david-dm.org/jtrussell/generator-react-component\r\n\r\n',
30 silly publish   readmeFilename: 'README.md',
30 silly publish   gitHead: '97b6730f93df3c6a952eb9a24c4c882f421583cb',
30 silly publish   bugs: { url: 'https://github.com/jtrussell/generator-react-component/issues' },
30 silly publish   _id: '@jtrussell/generator-react-component@0.7.5',
30 silly publish   _shasum: 'b2ff80cca5509c49a41620286a198a51415d651f',
30 silly publish   _from: '.' }
31 info lifecycle @jtrussell/generator-react-component@0.7.5~prepublishOnly: @jtrussell/generator-react-component@0.7.5
32 silly lifecycle @jtrussell/generator-react-component@0.7.5~prepublishOnly: no script for prepublishOnly, continuing
33 verbose getPublishConfig undefined
34 silly mapToRegistry name @jtrussell/generator-react-component
35 silly mapToRegistry scope (from package name) @jtrussell
36 verbose mapToRegistry no registry URL found in name for scope @jtrussell
37 silly mapToRegistry using default registry
38 silly mapToRegistry registry https://registry.npmjs.org/
39 silly mapToRegistry data Result {
39 silly mapToRegistry   raw: '@jtrussell/generator-react-component',
39 silly mapToRegistry   scope: '@jtrussell',
39 silly mapToRegistry   escapedName: '@jtrussell%2fgenerator-react-component',
39 silly mapToRegistry   name: '@jtrussell/generator-react-component',
39 silly mapToRegistry   rawSpec: '',
39 silly mapToRegistry   spec: 'latest',
39 silly mapToRegistry   type: 'tag' }
40 silly mapToRegistry uri https://registry.npmjs.org/@jtrussell%2fgenerator-react-component
41 verbose publish registryBase https://registry.npmjs.org/
42 silly publish uploading C:\Users\jrussell\AppData\Roaming\npm-cache\@jtrussell\generator-react-component\0.7.5\package.tgz
43 verbose request uri https://registry.npmjs.org/@jtrussell%2fgenerator-react-component
44 verbose request sending authorization for write operation
45 info attempt registry request try #1 at 11:33:43 AM
46 verbose request using bearer token for auth
47 verbose request id 12b5b68d67a01686
48 http request PUT https://registry.npmjs.org/@jtrussell%2fgenerator-react-component
49 http 402 https://registry.npmjs.org/@jtrussell%2fgenerator-react-component
50 verbose headers { 'content-type': 'application/json',
50 verbose headers   'cache-control': 'max-age=0',
50 verbose headers   'content-length': '119',
50 verbose headers   'accept-ranges': 'bytes',
50 verbose headers   date: 'Tue, 18 Apr 2017 15:33:45 GMT',
50 verbose headers   via: '1.1 varnish',
50 verbose headers   connection: 'keep-alive',
50 verbose headers   'x-served-by': 'cache-jfk8151-JFK',
50 verbose headers   'x-cache': 'MISS',
50 verbose headers   'x-cache-hits': '0',
50 verbose headers   'x-timer': 'S1492529624.144335,VS0,VE908' }
51 verbose request invalidating C:\Users\jrussell\AppData\Roaming\npm-cache\registry.npmjs.org\_40jtrussell_252fgenerator-react-component on PUT
52 error publish Failed PUT 402
53 verbose stack Error: You need a paid account to perform this action. For more info, visit: https://www.npmjs.com/private-modules : @jtrussell/generator-react-component
53 verbose stack     at makeError (C:\Users\jrussell\AppData\Roaming\nvm\v7.7.4\node_modules\npm\node_modules\npm-registry-client\lib\request.js:304:12)
53 verbose stack     at CachingRegistryClient.<anonymous> (C:\Users\jrussell\AppData\Roaming\nvm\v7.7.4\node_modules\npm\node_modules\npm-registry-client\lib\request.js:292:14)
53 verbose stack     at Request._callback (C:\Users\jrussell\AppData\Roaming\nvm\v7.7.4\node_modules\npm\node_modules\npm-registry-client\lib\request.js:212:14)
53 verbose stack     at Request.self.callback (C:\Users\jrussell\AppData\Roaming\nvm\v7.7.4\node_modules\npm\node_modules\request\request.js:186:22)
53 verbose stack     at emitTwo (events.js:106:13)
53 verbose stack     at Request.emit (events.js:194:7)
53 verbose stack     at Request.<anonymous> (C:\Users\jrussell\AppData\Roaming\nvm\v7.7.4\node_modules\npm\node_modules\request\request.js:1081:10)
53 verbose stack     at emitOne (events.js:96:13)
53 verbose stack     at Request.emit (events.js:191:7)
53 verbose stack     at IncomingMessage.<anonymous> (C:\Users\jrussell\AppData\Roaming\nvm\v7.7.4\node_modules\npm\node_modules\request\request.js:1001:12)
54 verbose statusCode 402
55 verbose pkgid @jtrussell/generator-react-component
56 verbose cwd C:\Users\jrussell\Projects\generator-react-component
57 error Windows_NT 10.0.14393
58 error argv "C:\\Program Files\\nodejs\\node.exe" "C:\\Program Files\\nodejs\\node_modules\\npm\\bin\\npm-cli.js" "publish"
59 error node v7.7.4
60 error npm  v4.1.2
61 error code E402
62 error You need a paid account to perform this action. For more info, visit: https://www.npmjs.com/private-modules : @jtrussell/generator-react-component
63 error If you need help, you may report this error at:
63 error     <https://github.com/npm/npm/issues>
64 verbose exit [ 1, true ]
